> Task :gradle-plugin:settings-plugin:checkKotlinGradlePluginConfigurationErrors SKIPPED
> Task :gradle-plugin:shared:checkKotlinGradlePluginConfigurationErrors SKIPPED
> Task :gradle-plugin:shared:compileKotlin UP-TO-DATE
> Task :gradle-plugin:shared:compileJava NO-SOURCE
> Task :gradle-plugin:shared:processResources NO-SOURCE
> Task :gradle-plugin:shared:classes UP-TO-DATE
> Task :gradle-plugin:shared:jar UP-TO-DATE
> Task :gradle-plugin:settings-plugin:compileKotlin UP-TO-DATE
> Task :gradle-plugin:settings-plugin:compileJava NO-SOURCE
> Task :gradle-plugin:settings-plugin:pluginDescriptors UP-TO-DATE
> Task :gradle-plugin:settings-plugin:processResources UP-TO-DATE
> Task :gradle-plugin:settings-plugin:classes UP-TO-DATE
> Task :gradle-plugin:settings-plugin:jar UP-TO-DATE

> Configure project :react-native-mmkv
[NitroModules] 🔥 NitroMmkv is boosted by nitro!

> Configure project :react-native-nitro-modules
[NitroModules] 🔥 Your app is boosted by nitro modules!

> Task :app:generateAutolinkingNewArchitectureFiles
> Task :app:generateAutolinkingPackageList
> Task :app:generateCodegenSchemaFromJavaScript SKIPPED
> Task :app:generateCodegenArtifactsFromSchema SKIPPED
> Task :app:generateReactNativeEntryPoint
> Task :app:preBuild
> Task :app:preDebugBuild
> Task :app:mergeDebugNativeDebugMetadata NO-SOURCE
> Task :app:checkKotlinGradlePluginConfigurationErrors SKIPPED
> Task :app:generateDebugBuildConfig
> Task :react-native-gesture-handler:generateCodegenSchemaFromJavaScript
> Task :react-native-gesture-handler:generateCodegenArtifactsFromSchema
> Task :react-native-gesture-handler:preBuild
> Task :react-native-gesture-handler:preDebugBuild
> Task :react-native-gesture-handler:writeDebugAarMetadata

> Task :react-native-mmkv:generateCodegenSchemaFromJavaScript

> Task :react-native-mmkv:generateCodegenArtifactsFromSchema
> Task :react-native-mmkv:preBuild
> Task :react-native-mmkv:preDebugBuild
> Task :react-native-mmkv:writeDebugAarMetadata
> Task :react-native-nitro-modules:generateCodegenSchemaFromJavaScript
> Task :react-native-nitro-modules:generateCodegenArtifactsFromSchema
> Task :react-native-nitro-modules:prepareHeaders UP-TO-DATE
> Task :react-native-nitro-modules:preBuild
> Task :react-native-nitro-modules:preDebugBuild
> Task :react-native-nitro-modules:writeDebugAarMetadata
> Task :react-native-reanimated:assertMinimalReactNativeVersionTask
> Task :react-native-reanimated:assertNewArchitectureEnabledTask SKIPPED
> Task :react-native-reanimated:assertWorkletsVersionTask
> Task :react-native-reanimated:generateCodegenSchemaFromJavaScript
> Task :react-native-reanimated:generateCodegenArtifactsFromSchema
> Task :react-native-reanimated:prepareReanimatedHeadersForPrefabs UP-TO-DATE
> Task :react-native-reanimated:preBuild
> Task :react-native-reanimated:preDebugBuild
> Task :react-native-reanimated:writeDebugAarMetadata
> Task :react-native-safe-area-context:generateCodegenSchemaFromJavaScript
> Task :react-native-safe-area-context:generateCodegenArtifactsFromSchema
> Task :react-native-safe-area-context:preBuild
> Task :react-native-safe-area-context:preDebugBuild
> Task :react-native-safe-area-context:writeDebugAarMetadata
> Task :react-native-screens:generateCodegenSchemaFromJavaScript
> Task :react-native-screens:generateCodegenArtifactsFromSchema
> Task :react-native-screens:preBuild
> Task :react-native-screens:preDebugBuild
> Task :react-native-screens:writeDebugAarMetadata
> Task :react-native-svg:generateCodegenSchemaFromJavaScript
> Task :react-native-svg:generateCodegenArtifactsFromSchema
> Task :react-native-svg:preBuild
> Task :react-native-svg:preDebugBuild
> Task :react-native-svg:writeDebugAarMetadata
> Task :react-native-worklets:assertMinimalReactNativeVersionTask
> Task :react-native-worklets:assertNewArchitectureEnabledTask SKIPPED
> Task :react-native-worklets:generateCodegenSchemaFromJavaScript
> Task :react-native-worklets:generateCodegenArtifactsFromSchema
> Task :react-native-worklets:prepareWorkletsHeadersForPrefabs UP-TO-DATE
> Task :react-native-worklets:preBuild
> Task :react-native-worklets:preDebugBuild
> Task :react-native-worklets:writeDebugAarMetadata
> Task :react-native-gesture-handler:processDebugNavigationResources
> Task :react-native-mmkv:processDebugNavigationResources
> Task :react-native-nitro-modules:processDebugNavigationResources
> Task :react-native-reanimated:processDebugNavigationResources
> Task :react-native-safe-area-context:processDebugNavigationResources
> Task :react-native-screens:processDebugNavigationResources
> Task :react-native-svg:processDebugNavigationResources
> Task :react-native-worklets:processDebugNavigationResources
> Task :app:checkDebugAarMetadata
> Task :app:processDebugNavigationResources
> Task :app:compileDebugNavigationResources
> Task :app:generateDebugResValues
> Task :react-native-gesture-handler:generateDebugResValues
> Task :react-native-gesture-handler:generateDebugResources
> Task :react-native-gesture-handler:packageDebugResources
> Task :react-native-mmkv:generateDebugResValues
> Task :react-native-mmkv:generateDebugResources
> Task :react-native-mmkv:packageDebugResources
> Task :react-native-nitro-modules:generateDebugResValues
> Task :react-native-nitro-modules:generateDebugResources
> Task :react-native-nitro-modules:packageDebugResources
> Task :react-native-reanimated:generateDebugResValues
> Task :react-native-reanimated:generateDebugResources
> Task :react-native-reanimated:packageDebugResources
> Task :react-native-safe-area-context:generateDebugResValues
> Task :react-native-safe-area-context:generateDebugResources
> Task :react-native-safe-area-context:packageDebugResources
> Task :react-native-screens:generateDebugResValues
> Task :react-native-screens:generateDebugResources
> Task :react-native-screens:packageDebugResources
> Task :react-native-svg:generateDebugResValues
> Task :react-native-svg:generateDebugResources
> Task :react-native-svg:packageDebugResources
> Task :react-native-worklets:generateDebugResValues
> Task :react-native-worklets:generateDebugResources
> Task :react-native-worklets:packageDebugResources
> Task :app:mapDebugSourceSetPaths
> Task :app:generateDebugResources
> Task :app:packageDebugResources
> Task :app:createDebugCompatibleScreenManifests
> Task :app:extractDeepLinksDebug
> Task :react-native-gesture-handler:extractDeepLinksDebug
> Task :react-native-mmkv:extractDeepLinksDebug
> Task :react-native-nitro-modules:extractDeepLinksDebug
> Task :react-native-reanimated:extractDeepLinksDebug
> Task :react-native-safe-area-context:extractDeepLinksDebug
> Task :react-native-screens:extractDeepLinksDebug
> Task :app:parseDebugLocalResources
> Task :react-native-svg:extractDeepLinksDebug
> Task :react-native-nitro-modules:processDebugManifest
> Task :react-native-reanimated:processDebugManifest
> Task :react-native-mmkv:processDebugManifest
> Task :react-native-screens:processDebugManifest

> Task :react-native-safe-area-context:processDebugManifest
package="com.th3rdwave.safeareacontext" found in source AndroidManifest.xml: /Users/netslayer/WebstormProjects/react-native-app/node_modules/react-native-safe-area-context/android/src/main/AndroidManifest.xml.
Setting the namespace via the package attribute in the source AndroidManifest.xml is no longer supported, and the value is ignored.
Recommendation: remove package="com.th3rdwave.safeareacontext" from the source AndroidManifest.xml: /Users/netslayer/WebstormProjects/react-native-app/node_modules/react-native-safe-area-context/android/src/main/AndroidManifest.xml.

> Task :react-native-gesture-handler:processDebugManifest
> Task :react-native-worklets:extractDeepLinksDebug
> Task :react-native-svg:processDebugManifest
> Task :react-native-worklets:processDebugManifest
> Task :react-native-gesture-handler:compileDebugLibraryResources

> Task :app:processDebugMainManifest
[io.github.zhongwuzw:mmkv:2.4.0] /Users/netslayer/.gradle/caches/8.13/transforms/e40e773a134013f7b8cf3232e274037d/transformed/jetified-mmkv-2.4.0/AndroidManifest.xml Warning:
	Namespace 'com.tencent.mmkv' is used in multiple modules and/or libraries: io.github.zhongwuzw:mmkv:2.4.0, io.github.zhongwuzw:annotation:2.4.0. Please ensure that all modules and libraries have a unique namespace. For more information, See https://developer.android.com/studio/build/configure-app-module#set-namespace

> Task :app:processDebugManifest
> Task :react-native-mmkv:compileDebugLibraryResources
> Task :app:processDebugManifestForPackage
> Task :react-native-gesture-handler:parseDebugLocalResources
> Task :react-native-nitro-modules:compileDebugLibraryResources
> Task :react-native-reanimated:compileDebugLibraryResources
> Task :react-native-mmkv:parseDebugLocalResources
> Task :react-native-safe-area-context:compileDebugLibraryResources
> Task :react-native-reanimated:parseDebugLocalResources
> Task :react-native-safe-area-context:parseDebugLocalResources
> Task :react-native-mmkv:generateDebugRFile
> Task :react-native-safe-area-context:generateDebugRFile
> Task :react-native-reanimated:generateDebugRFile
> Task :react-native-gesture-handler:generateDebugRFile
> Task :react-native-screens:compileDebugLibraryResources
> Task :react-native-screens:parseDebugLocalResources
> Task :react-native-svg:compileDebugLibraryResources
> Task :react-native-nitro-modules:parseDebugLocalResources
> Task :react-native-gesture-handler:checkKotlinGradlePluginConfigurationErrors SKIPPED
> Task :react-native-gesture-handler:generateDebugBuildConfig
> Task :react-native-reanimated:generateDebugBuildConfig
> Task :react-native-worklets:compileDebugLibraryResources
> Task :react-native-nitro-modules:generateDebugRFile
> Task :react-native-worklets:checkKotlinGradlePluginConfigurationErrors SKIPPED
> Task :react-native-screens:generateDebugRFile
> Task :react-native-worklets:generateDebugBuildConfig
> Task :react-native-svg:generateDebugBuildConfig
> Task :react-native-mmkv:checkKotlinGradlePluginConfigurationErrors SKIPPED
> Task :react-native-mmkv:generateDebugBuildConfig
> Task :react-native-nitro-modules:checkKotlinGradlePluginConfigurationErrors SKIPPED
> Task :react-native-nitro-modules:generateDebugBuildConfig
> Task :react-native-gesture-handler:javaPreCompileDebug
> Task :react-native-worklets:javaPreCompileDebug
> Task :react-native-svg:parseDebugLocalResources
> Task :react-native-svg:javaPreCompileDebug
> Task :react-native-worklets:parseDebugLocalResources
> Task :react-native-reanimated:javaPreCompileDebug
> Task :app:mergeDebugResources
> Task :react-native-safe-area-context:checkKotlinGradlePluginConfigurationErrors SKIPPED
> Task :react-native-nitro-modules:javaPreCompileDebug
> Task :react-native-safe-area-context:generateDebugBuildConfig
> Task :react-native-mmkv:javaPreCompileDebug
> Task :react-native-worklets:generateDebugRFile
> Task :react-native-svg:generateDebugRFile
> Task :react-native-worklets:compileDebugKotlin NO-SOURCE

> Task :react-native-worklets:compileDebugJavaWithJavac

> Task :react-native-worklets:bundleLibCompileToJarDebug
> Task :react-native-nitro-modules:compileDebugKotlin
> Task :app:processDebugResources

> Task :react-native-safe-area-context:compileDebugKotlin
w: file:///Users/netslayer/WebstormProjects/react-native-app/node_modules/react-native-safe-area-context/android/src/main/java/com/th3rdwave/safeareacontext/SafeAreaView.kt:9:8 'class UIManagerModule : ReactContextBaseJavaModule, LifecycleEventListener, UIManager' is deprecated. Deprecated in Java.
w: file:///Users/netslayer/WebstormProjects/react-native-app/node_modules/react-native-safe-area-context/android/src/main/java/com/th3rdwave/safeareacontext/SafeAreaView.kt:50:54 'class UIManagerModule : ReactContextBaseJavaModule, LifecycleEventListener, UIManager' is deprecated. Deprecated in Java.
w: file:///Users/netslayer/WebstormProjects/react-native-app/node_modules/react-native-safe-area-context/android/src/main/java/com/th3rdwave/safeareacontext/SafeAreaView.kt:59:23 'val uiImplementation: UIImplementation!' is deprecated. Deprecated in Java.
w: file:///Users/netslayer/WebstormProjects/react-native-app/node_modules/react-native-safe-area-context/android/src/main/java/com/th3rdwave/safeareacontext/SafeAreaViewShadowNode.kt:9:32 'class LayoutShadowNode : ReactShadowNodeImpl' is deprecated. Deprecated in Java.
w: file:///Users/netslayer/WebstormProjects/react-native-app/node_modules/react-native-safe-area-context/android/src/main/java/com/th3rdwave/safeareacontext/SafeAreaViewShadowNode.kt:110:61 'class NativeViewHierarchyOptimizer : Any' is deprecated. Deprecated in Java.

> Task :react-native-svg:compileDebugJavaWithJavac

> Task :react-native-reanimated:compileDebugJavaWithJavac

> Task :react-native-reanimated:bundleLibCompileToJarDebug
> Task :react-native-svg:bundleLibCompileToJarDebug
> Task :react-native-nitro-modules:compileDebugJavaWithJavac
> Task :react-native-screens:checkKotlinGradlePluginConfigurationErrors SKIPPED
> Task :react-native-safe-area-context:javaPreCompileDebug
> Task :react-native-screens:generateDebugBuildConfig
> Task :react-native-nitro-modules:bundleLibCompileToJarDebug
> Task :react-native-safe-area-context:compileDebugJavaWithJavac
> Task :react-native-safe-area-context:bundleLibCompileToJarDebug
> Task :react-native-mmkv:compileDebugKotlin
> Task :react-native-mmkv:compileDebugJavaWithJavac
> Task :react-native-mmkv:bundleLibCompileToJarDebug
> Task :react-native-screens:javaPreCompileDebug
> Task :app:javaPreCompileDebug
> Task :app:mergeDebugShaders
> Task :app:compileDebugShaders NO-SOURCE
> Task :app:generateDebugAssets UP-TO-DATE
> Task :react-native-gesture-handler:mergeDebugShaders
> Task :react-native-gesture-handler:compileDebugShaders NO-SOURCE
> Task :react-native-gesture-handler:generateDebugAssets UP-TO-DATE
> Task :react-native-gesture-handler:mergeDebugAssets
> Task :react-native-mmkv:mergeDebugShaders
> Task :react-native-mmkv:compileDebugShaders NO-SOURCE
> Task :react-native-mmkv:generateDebugAssets UP-TO-DATE
> Task :react-native-mmkv:mergeDebugAssets
> Task :react-native-nitro-modules:mergeDebugShaders
> Task :react-native-nitro-modules:compileDebugShaders NO-SOURCE
> Task :react-native-nitro-modules:generateDebugAssets UP-TO-DATE
> Task :react-native-nitro-modules:mergeDebugAssets
> Task :react-native-reanimated:mergeDebugShaders
> Task :react-native-reanimated:compileDebugShaders NO-SOURCE
> Task :react-native-reanimated:generateDebugAssets UP-TO-DATE
> Task :react-native-reanimated:mergeDebugAssets
> Task :react-native-safe-area-context:mergeDebugShaders
> Task :react-native-safe-area-context:compileDebugShaders NO-SOURCE
> Task :react-native-safe-area-context:generateDebugAssets UP-TO-DATE
> Task :react-native-safe-area-context:mergeDebugAssets
> Task :react-native-screens:mergeDebugShaders
> Task :react-native-screens:compileDebugShaders NO-SOURCE
> Task :react-native-screens:generateDebugAssets UP-TO-DATE
> Task :react-native-screens:mergeDebugAssets
> Task :react-native-svg:mergeDebugShaders
> Task :react-native-svg:compileDebugShaders NO-SOURCE
> Task :react-native-svg:generateDebugAssets UP-TO-DATE
> Task :react-native-svg:mergeDebugAssets
> Task :react-native-worklets:mergeDebugShaders
> Task :react-native-worklets:compileDebugShaders NO-SOURCE
> Task :react-native-worklets:generateDebugAssets UP-TO-DATE
> Task :react-native-worklets:mergeDebugAssets
> Task :app:mergeDebugAssets
> Task :app:compressDebugAssets
> Task :react-native-mmkv:bundleLibRuntimeToJarDebug
> Task :react-native-safe-area-context:bundleLibRuntimeToJarDebug
> Task :react-native-reanimated:bundleLibRuntimeToJarDebug
> Task :react-native-nitro-modules:bundleLibRuntimeToJarDebug
> Task :react-native-worklets:bundleLibRuntimeToJarDebug
> Task :react-native-svg:bundleLibRuntimeToJarDebug
> Task :app:desugarDebugFileDependencies
> Task :react-native-mmkv:processDebugJavaRes
> Task :react-native-nitro-modules:processDebugJavaRes
> Task :react-native-reanimated:processDebugJavaRes NO-SOURCE
> Task :react-native-safe-area-context:processDebugJavaRes
> Task :react-native-svg:processDebugJavaRes NO-SOURCE
> Task :react-native-worklets:processDebugJavaRes NO-SOURCE
> Task :app:checkDebugDuplicateClasses
> Task :react-native-reanimated:bundleLibRuntimeToDirDebug
> Task :react-native-mmkv:bundleLibRuntimeToDirDebug
> Task :react-native-nitro-modules:bundleLibRuntimeToDirDebug
> Task :react-native-safe-area-context:bundleLibRuntimeToDirDebug
> Task :react-native-svg:bundleLibRuntimeToDirDebug
> Task :react-native-worklets:bundleLibRuntimeToDirDebug
> Task :react-native-nitro-modules:configureCMakeDebug[arm64-v8a]
> Task :react-native-gesture-handler:compileDebugKotlin
> Task :react-native-screens:compileDebugKotlin
> Task :app:mergeExtDexDebug
> Task :react-native-nitro-modules:buildCMakeDebug[arm64-v8a]

> Task :react-native-gesture-handler:compileDebugKotlin
w: file:///Users/netslayer/WebstormProjects/react-native-app/node_modules/react-native-gesture-handler/android/src/main/java/com/swmansion/gesturehandler/react/Extensions.kt:8:8 'class UIManagerModule : ReactContextBaseJavaModule, LifecycleEventListener, UIManager' is deprecated. Deprecated in Java.
w: file:///Users/netslayer/WebstormProjects/react-native-app/node_modules/react-native-gesture-handler/android/src/main/java/com/swmansion/gesturehandler/react/Extensions.kt:13:29 'class UIManagerModule : ReactContextBaseJavaModule, LifecycleEventListener, UIManager' is deprecated. Deprecated in Java.
w: file:///Users/netslayer/WebstormProjects/react-native-app/node_modules/react-native-gesture-handler/android/src/main/java/com/swmansion/gesturehandler/react/Extensions.kt:14:32 'class UIManagerModule : ReactContextBaseJavaModule, LifecycleEventListener, UIManager' is deprecated. Deprecated in Java.

> Task :react-native-screens:compileDebugKotlin
w: file:///Users/netslayer/WebstormProjects/react-native-app/node_modules/react-native-screens/android/src/main/java/com/swmansion/rnscreens/RNScreensPackage.kt:62:9 The corresponding parameter in the supertype 'BaseReactPackage' is named 'name'. This may cause problems when calling this function with named arguments.
w: file:///Users/netslayer/WebstormProjects/react-native-app/node_modules/react-native-screens/android/src/main/java/com/swmansion/rnscreens/RNScreensPackage.kt:63:9 The corresponding parameter in the supertype 'BaseReactPackage' is named 'reactContext'. This may cause problems when calling this function with named arguments.
w: file:///Users/netslayer/WebstormProjects/react-native-app/node_modules/react-native-screens/android/src/main/java/com/swmansion/rnscreens/RNScreensPackage.kt:76:17 'constructor(name: String, className: String, canOverrideExistingModule: Boolean, needsEagerInit: Boolean, hasConstants: Boolean, isCxxModule: Boolean, isTurboModule: Boolean): ReactModuleInfo' is deprecated. This constructor is deprecated and will be removed in the future. Use ReactModuleInfo(String, String, boolean, boolean, boolean, boolean)].
w: file:///Users/netslayer/WebstormProjects/react-native-app/node_modules/react-native-screens/android/src/main/java/com/swmansion/rnscreens/Screen.kt:26:8 'class UIManagerModule : ReactContextBaseJavaModule, LifecycleEventListener, UIManager' is deprecated. Deprecated in Java.
w: file:///Users/netslayer/WebstormProjects/react-native-app/node_modules/react-native-screens/android/src/main/java/com/swmansion/rnscreens/Screen.kt:56:77 Unchecked cast of '(CoordinatorLayout.Behavior<View!>?..CoordinatorLayout.Behavior<*>?)' to 'BottomSheetBehavior<Screen>'.
w: file:///Users/netslayer/WebstormProjects/react-native-app/node_modules/react-native-screens/android/src/main/java/com/swmansion/rnscreens/Screen.kt:428:42 'class UIManagerModule : ReactContextBaseJavaModule, LifecycleEventListener, UIManager' is deprecated. Deprecated in Java.
w: file:///Users/netslayer/WebstormProjects/react-native-app/node_modules/react-native-screens/android/src/main/java/com/swmansion/rnscreens/ScreenContainerViewManager.kt:6:8 'class LayoutShadowNode : ReactShadowNodeImpl' is deprecated. Deprecated in Java.
w: file:///Users/netslayer/WebstormProjects/react-native-app/node_modules/react-native-screens/android/src/main/java/com/swmansion/rnscreens/ScreenContainerViewManager.kt:56:78 'class LayoutShadowNode : ReactShadowNodeImpl' is deprecated. Deprecated in Java.
w: file:///Users/netslayer/WebstormProjects/react-native-app/node_modules/react-native-screens/android/src/main/java/com/swmansion/rnscreens/ScreenStackFragment.kt:222:31 'var targetElevation: Float' is deprecated. Deprecated in Java.
w: file:///Users/netslayer/WebstormProjects/react-native-app/node_modules/react-native-screens/android/src/main/java/com/swmansion/rnscreens/ScreenStackFragment.kt:225:13 'fun setHasOptionsMenu(p0: Boolean): Unit' is deprecated. Deprecated in Java.
w: file:///Users/netslayer/WebstormProjects/react-native-app/node_modules/react-native-screens/android/src/main/java/com/swmansion/rnscreens/ScreenStackFragment.kt:404:18 This declaration overrides a deprecated member but is not marked as deprecated itself. Add the '@Deprecated' annotation or suppress the diagnostic.
w: file:///Users/netslayer/WebstormProjects/react-native-app/node_modules/react-native-screens/android/src/main/java/com/swmansion/rnscreens/ScreenStackFragment.kt:411:22 'fun onPrepareOptionsMenu(p0: Menu): Unit' is deprecated. Deprecated in Java.
w: file:///Users/netslayer/WebstormProjects/react-native-app/node_modules/react-native-screens/android/src/main/java/com/swmansion/rnscreens/ScreenStackFragment.kt:414:18 This declaration overrides a deprecated member but is not marked as deprecated itself. Add the '@Deprecated' annotation or suppress the diagnostic.
w: file:///Users/netslayer/WebstormProjects/react-native-app/node_modules/react-native-screens/android/src/main/java/com/swmansion/rnscreens/ScreenStackFragment.kt:419:22 'fun onCreateOptionsMenu(p0: Menu, p1: MenuInflater): Unit' is deprecated. Deprecated in Java.
w: file:///Users/netslayer/WebstormProjects/react-native-app/node_modules/react-native-screens/android/src/main/java/com/swmansion/rnscreens/ScreenStackHeaderConfig.kt:441:22 'val reactNativeHost: ReactNativeHost' is deprecated. You should not use ReactNativeHost directly in the New Architecture. Use ReactHost instead.
w: file:///Users/netslayer/WebstormProjects/react-native-app/node_modules/react-native-screens/android/src/main/java/com/swmansion/rnscreens/ScreenStackHeaderConfigShadowNode.kt:4:8 'class LayoutShadowNode : ReactShadowNodeImpl' is deprecated. Deprecated in Java.
w: file:///Users/netslayer/WebstormProjects/react-native-app/node_modules/react-native-screens/android/src/main/java/com/swmansion/rnscreens/ScreenStackHeaderConfigShadowNode.kt:10:5 'class LayoutShadowNode : ReactShadowNodeImpl' is deprecated. Deprecated in Java.
w: file:///Users/netslayer/WebstormProjects/react-native-app/node_modules/react-native-screens/android/src/main/java/com/swmansion/rnscreens/ScreenStackHeaderConfigViewManager.kt:9:8 'class LayoutShadowNode : ReactShadowNodeImpl' is deprecated. Deprecated in Java.
w: file:///Users/netslayer/WebstormProjects/react-native-app/node_modules/react-native-screens/android/src/main/java/com/swmansion/rnscreens/ScreenStackHeaderConfigViewManager.kt:37:78 'class LayoutShadowNode : ReactShadowNodeImpl' is deprecated. Deprecated in Java.
w: file:///Users/netslayer/WebstormProjects/react-native-app/node_modules/react-native-screens/android/src/main/java/com/swmansion/rnscreens/ScreenStackViewManager.kt:6:8 'class LayoutShadowNode : ReactShadowNodeImpl' is deprecated. Deprecated in Java.
w: file:///Users/netslayer/WebstormProjects/react-native-app/node_modules/react-native-screens/android/src/main/java/com/swmansion/rnscreens/ScreenStackViewManager.kt:65:78 'class LayoutShadowNode : ReactShadowNodeImpl' is deprecated. Deprecated in Java.
w: file:///Users/netslayer/WebstormProjects/react-native-app/node_modules/react-native-screens/android/src/main/java/com/swmansion/rnscreens/ScreenWindowTraits.kt:48:42 'fun replaceSystemWindowInsets(p0: Int, p1: Int, p2: Int, p3: Int): @NonNull() WindowInsetsCompat' is deprecated. Deprecated in Java.
w: file:///Users/netslayer/WebstormProjects/react-native-app/node_modules/react-native-screens/android/src/main/java/com/swmansion/rnscreens/ScreenWindowTraits.kt:49:39 'val systemWindowInsetLeft: Int' is deprecated. Deprecated in Java.
w: file:///Users/netslayer/WebstormProjects/react-native-app/node_modules/react-native-screens/android/src/main/java/com/swmansion/rnscreens/ScreenWindowTraits.kt:51:39 'val systemWindowInsetRight: Int' is deprecated. Deprecated in Java.
w: file:///Users/netslayer/WebstormProjects/react-native-app/node_modules/react-native-screens/android/src/main/java/com/swmansion/rnscreens/ScreenWindowTraits.kt:52:39 'val systemWindowInsetBottom: Int' is deprecated. Deprecated in Java.
w: file:///Users/netslayer/WebstormProjects/react-native-app/node_modules/react-native-screens/android/src/main/java/com/swmansion/rnscreens/ScreensShadowNode.kt:4:8 'class LayoutShadowNode : ReactShadowNodeImpl' is deprecated. Deprecated in Java.
w: file:///Users/netslayer/WebstormProjects/react-native-app/node_modules/react-native-screens/android/src/main/java/com/swmansion/rnscreens/ScreensShadowNode.kt:5:8 'class NativeViewHierarchyManager : Any' is deprecated. Deprecated in Java.
w: file:///Users/netslayer/WebstormProjects/react-native-app/node_modules/react-native-screens/android/src/main/java/com/swmansion/rnscreens/ScreensShadowNode.kt:6:8 'class NativeViewHierarchyOptimizer : Any' is deprecated. Deprecated in Java.
w: file:///Users/netslayer/WebstormProjects/react-native-app/node_modules/react-native-screens/android/src/main/java/com/swmansion/rnscreens/ScreensShadowNode.kt:7:8 'class UIManagerModule : ReactContextBaseJavaModule, LifecycleEventListener, UIManager' is deprecated. Deprecated in Java.
w: file:///Users/netslayer/WebstormProjects/react-native-app/node_modules/react-native-screens/android/src/main/java/com/swmansion/rnscreens/ScreensShadowNode.kt:11:5 'class LayoutShadowNode : ReactShadowNodeImpl' is deprecated. Deprecated in Java.
w: file:///Users/netslayer/WebstormProjects/react-native-app/node_modules/react-native-screens/android/src/main/java/com/swmansion/rnscreens/ScreensShadowNode.kt:12:63 'class NativeViewHierarchyOptimizer : Any' is deprecated. Deprecated in Java.
w: file:///Users/netslayer/WebstormProjects/react-native-app/node_modules/react-native-screens/android/src/main/java/com/swmansion/rnscreens/ScreensShadowNode.kt:14:34 'class UIManagerModule : ReactContextBaseJavaModule, LifecycleEventListener, UIManager' is deprecated. Deprecated in Java.
w: file:///Users/netslayer/WebstormProjects/react-native-app/node_modules/react-native-screens/android/src/main/java/com/swmansion/rnscreens/ScreensShadowNode.kt:14:106 'class NativeViewHierarchyManager : Any' is deprecated. Deprecated in Java.
w: file:///Users/netslayer/WebstormProjects/react-native-app/node_modules/react-native-screens/android/src/main/java/com/swmansion/rnscreens/bottomsheet/BottomSheetDialogRootView.kt:7:8 'object ReactFeatureFlags : Any' is deprecated. Use com.facebook.react.internal.featureflags.ReactNativeFeatureFlags instead.
w: file:///Users/netslayer/WebstormProjects/react-native-app/node_modules/react-native-screens/android/src/main/java/com/swmansion/rnscreens/bottomsheet/BottomSheetDialogRootView.kt:25:13 'object ReactFeatureFlags : Any' is deprecated. Use com.facebook.react.internal.featureflags.ReactNativeFeatureFlags instead.
w: file:///Users/netslayer/WebstormProjects/react-native-app/node_modules/react-native-screens/android/src/main/java/com/swmansion/rnscreens/bottomsheet/BottomSheetDialogRootView.kt:32:9 The corresponding parameter in the supertype 'ReactViewGroup' is named 'left'. This may cause problems when calling this function with named arguments.
w: file:///Users/netslayer/WebstormProjects/react-native-app/node_modules/react-native-screens/android/src/main/java/com/swmansion/rnscreens/bottomsheet/BottomSheetDialogRootView.kt:33:9 The corresponding parameter in the supertype 'ReactViewGroup' is named 'top'. This may cause problems when calling this function with named arguments.
w: file:///Users/netslayer/WebstormProjects/react-native-app/node_modules/react-native-screens/android/src/main/java/com/swmansion/rnscreens/bottomsheet/BottomSheetDialogRootView.kt:34:9 The corresponding parameter in the supertype 'ReactViewGroup' is named 'right'. This may cause problems when calling this function with named arguments.
w: file:///Users/netslayer/WebstormProjects/react-native-app/node_modules/react-native-screens/android/src/main/java/com/swmansion/rnscreens/bottomsheet/BottomSheetDialogRootView.kt:35:9 The corresponding parameter in the supertype 'ReactViewGroup' is named 'bottom'. This may cause problems when calling this function with named arguments.
w: file:///Users/netslayer/WebstormProjects/react-native-app/node_modules/react-native-screens/android/src/main/java/com/swmansion/rnscreens/bottomsheet/BottomSheetDialogRootView.kt:71:9 The corresponding parameter in the supertype 'RootView' is named 'childView'. This may cause problems when calling this function with named arguments.
w: file:///Users/netslayer/WebstormProjects/react-native-app/node_modules/react-native-screens/android/src/main/java/com/swmansion/rnscreens/bottomsheet/BottomSheetDialogRootView.kt:72:9 The corresponding parameter in the supertype 'RootView' is named 'ev'. This may cause problems when calling this function with named arguments.
w: file:///Users/netslayer/WebstormProjects/react-native-app/node_modules/react-native-screens/android/src/main/java/com/swmansion/rnscreens/bottomsheet/BottomSheetDialogRootView.kt:79:46 The corresponding parameter in the supertype 'RootView' is named 'ev'. This may cause problems when calling this function with named arguments.
w: file:///Users/netslayer/WebstormProjects/react-native-app/node_modules/react-native-screens/android/src/main/java/com/swmansion/rnscreens/bottomsheet/BottomSheetDialogRootView.kt:83:9 The corresponding parameter in the supertype 'RootView' is named 'childView'. This may cause problems when calling this function with named arguments.
w: file:///Users/netslayer/WebstormProjects/react-native-app/node_modules/react-native-screens/android/src/main/java/com/swmansion/rnscreens/bottomsheet/BottomSheetDialogRootView.kt:84:9 The corresponding parameter in the supertype 'RootView' is named 'ev'. This may cause problems when calling this function with named arguments.
w: file:///Users/netslayer/WebstormProjects/react-native-app/node_modules/react-native-screens/android/src/main/java/com/swmansion/rnscreens/bottomsheet/BottomSheetDialogRootView.kt:95:34 The corresponding parameter in the supertype 'RootView' is named 't'. This may cause problems when calling this function with named arguments.
w: file:///Users/netslayer/WebstormProjects/react-native-app/node_modules/react-native-screens/android/src/main/java/com/swmansion/rnscreens/bottomsheet/DimmingView.kt:64:9 The corresponding parameter in the supertype 'ReactCompoundView' is named 'touchX'. This may cause problems when calling this function with named arguments.
w: file:///Users/netslayer/WebstormProjects/react-native-app/node_modules/react-native-screens/android/src/main/java/com/swmansion/rnscreens/bottomsheet/DimmingView.kt:65:9 The corresponding parameter in the supertype 'ReactCompoundView' is named 'touchY'. This may cause problems when calling this function with named arguments.
w: file:///Users/netslayer/WebstormProjects/react-native-app/node_modules/react-native-screens/android/src/main/java/com/swmansion/rnscreens/bottomsheet/DimmingView.kt:69:9 The corresponding parameter in the supertype 'ReactCompoundViewGroup' is named 'touchX'. This may cause problems when calling this function with named arguments.
w: file:///Users/netslayer/WebstormProjects/react-native-app/node_modules/react-native-screens/android/src/main/java/com/swmansion/rnscreens/bottomsheet/DimmingView.kt:70:9 The corresponding parameter in the supertype 'ReactCompoundViewGroup' is named 'touchY'. This may cause problems when calling this function with named arguments.
w: file:///Users/netslayer/WebstormProjects/react-native-app/node_modules/react-native-screens/android/src/main/java/com/swmansion/rnscreens/gamma/tabs/TabsHostViewManager.kt:37:9 The corresponding parameter in the supertype 'TabsHostViewManager' is named 'view'. This may cause problems when calling this function with named arguments.
w: file:///Users/netslayer/WebstormProjects/react-native-app/node_modules/react-native-screens/android/src/main/java/com/swmansion/rnscreens/safearea/SafeAreaView.kt:19:8 'class UIManagerModule : ReactContextBaseJavaModule, LifecycleEventListener, UIManager' is deprecated. Deprecated in Java.
w: file:///Users/netslayer/WebstormProjects/react-native-app/node_modules/react-native-screens/android/src/main/java/com/swmansion/rnscreens/safearea/SafeAreaView.kt:153:45 'fun consumeDisplayCutout(): @NonNull() WindowInsetsCompat' is deprecated. Deprecated in Java.
w: file:///Users/netslayer/WebstormProjects/react-native-app/node_modules/react-native-screens/android/src/main/java/com/swmansion/rnscreens/safearea/SafeAreaView.kt:194:58 'class UIManagerModule : ReactContextBaseJavaModule, LifecycleEventListener, UIManager' is deprecated. Deprecated in Java.
w: file:///Users/netslayer/WebstormProjects/react-native-app/node_modules/react-native-screens/android/src/main/java/com/swmansion/rnscreens/safearea/SafeAreaView.kt:201:31 'val uiImplementation: UIImplementation!' is deprecated. Deprecated in Java.
w: file:///Users/netslayer/WebstormProjects/react-native-app/node_modules/react-native-screens/android/src/main/java/com/swmansion/rnscreens/safearea/paper/SafeAreaViewShadowNode.kt:7:8 'class LayoutShadowNode : ReactShadowNodeImpl' is deprecated. Deprecated in Java.
w: file:///Users/netslayer/WebstormProjects/react-native-app/node_modules/react-native-screens/android/src/main/java/com/swmansion/rnscreens/safearea/paper/SafeAreaViewShadowNode.kt:8:8 'class NativeViewHierarchyOptimizer : Any' is deprecated. Deprecated in Java.
w: file:///Users/netslayer/WebstormProjects/react-native-app/node_modules/react-native-screens/android/src/main/java/com/swmansion/rnscreens/safearea/paper/SafeAreaViewShadowNode.kt:14:32 'class LayoutShadowNode : ReactShadowNodeImpl' is deprecated. Deprecated in Java.
w: file:///Users/netslayer/WebstormProjects/react-native-app/node_modules/react-native-screens/android/src/main/java/com/swmansion/rnscreens/safearea/paper/SafeAreaViewShadowNode.kt:83:63 'class NativeViewHierarchyOptimizer : Any' is deprecated. Deprecated in Java.

> Task :react-native-gesture-handler:compileDebugJavaWithJavac
> Task :react-native-gesture-handler:bundleLibCompileToJarDebug
> Task :react-native-screens:compileDebugJavaWithJavac
> Task :react-native-gesture-handler:processDebugJavaRes
> Task :react-native-gesture-handler:bundleLibRuntimeToJarDebug
> Task :react-native-screens:processDebugJavaRes
> Task :react-native-screens:bundleLibRuntimeToJarDebug
> Task :react-native-screens:bundleLibCompileToJarDebug
> Task :react-native-gesture-handler:bundleLibRuntimeToDirDebug
> Task :react-native-screens:bundleLibRuntimeToDirDebug
> Task :react-native-nitro-modules:configureCMakeDebug[armeabi-v7a]

> Task :app:compileDebugKotlin
w: file:///Users/netslayer/WebstormProjects/react-native-app/android/app/src/main/java/com/cryptotokensapp/MainApplication.kt:7:8 'class ReactNativeHost : Any' is deprecated. Deprecated in Java.
w: file:///Users/netslayer/WebstormProjects/react-native-app/android/app/src/main/java/com/cryptotokensapp/MainApplication.kt:14:16 This declaration overrides a deprecated member but is not marked as deprecated itself. Add the '@Deprecated' annotation or suppress the diagnostic.
w: file:///Users/netslayer/WebstormProjects/react-native-app/android/app/src/main/java/com/cryptotokensapp/MainApplication.kt:14:33 'class ReactNativeHost : Any' is deprecated. Deprecated in Java.

> Task :react-native-nitro-modules:buildCMakeDebug[armeabi-v7a]
> Task :app:compileDebugJavaWithJavac
> Task :app:dexBuilderDebug
> Task :app:processDebugJavaRes
> Task :app:mergeDebugGlobalSynthetics
> Task :app:mergeProjectDexDebug
> Task :app:mergeLibDexDebug
> Task :react-native-nitro-modules:configureCMakeDebug[x86]
> Task :app:mergeDebugJavaResource
> Task :react-native-nitro-modules:buildCMakeDebug[x86]
> Task :react-native-nitro-modules:configureCMakeDebug[x86_64]
> Task :react-native-nitro-modules:buildCMakeDebug[x86_64]
> Task :react-native-nitro-modules:externalNativeBuildDebug
> Task :react-native-nitro-modules:generateJsonModelDebug
> Task :react-native-nitro-modules:prefabDebugConfigurePackage
> Task :react-native-worklets:configureCMakeDebug[arm64-v8a]
> Task :react-native-worklets:buildCMakeDebug[arm64-v8a][worklets]
> Task :react-native-worklets:configureCMakeDebug[armeabi-v7a]
> Task :react-native-worklets:buildCMakeDebug[armeabi-v7a][worklets]
> Task :react-native-worklets:configureCMakeDebug[x86]
> Task :react-native-worklets:buildCMakeDebug[x86][worklets]
> Task :react-native-worklets:configureCMakeDebug[x86_64]
> Task :react-native-worklets:buildCMakeDebug[x86_64][worklets]
> Task :react-native-worklets:externalNativeBuildDebug
> Task :react-native-worklets:generateJsonModelDebug
> Task :react-native-worklets:prefabDebugConfigurePackage
> Task :react-native-reanimated:configureCMakeDebug[arm64-v8a]
> Task :react-native-reanimated:configureCMakeDebug[armeabi-v7a]
> Task :react-native-reanimated:configureCMakeDebug[x86]
> Task :react-native-reanimated:configureCMakeDebug[x86_64]
> Task :react-native-reanimated:generateJsonModelDebug
> Task :react-native-reanimated:prefabDebugConfigurePackage
> Task :app:configureCMakeDebug[arm64-v8a]
> Task :react-native-nitro-modules:prefabDebugPackage
> Task :react-native-worklets:prefabDebugPackage
> Task :react-native-reanimated:buildCMakeDebug[arm64-v8a][reanimated]
> Task :react-native-reanimated:buildCMakeDebug[armeabi-v7a][reanimated]
> Task :react-native-reanimated:buildCMakeDebug[x86][reanimated]
> Task :react-native-reanimated:buildCMakeDebug[x86_64][reanimated]
> Task :react-native-worklets:mergeDebugJniLibFolders
> Task :react-native-worklets:mergeDebugNativeLibs
> Task :app:configureCMakeDebug[armeabi-v7a]
> Task :react-native-worklets:copyDebugJniLibsProjectOnly
> Task :app:configureCMakeDebug[x86]
> Task :react-native-reanimated:externalNativeBuildDebug
> Task :react-native-reanimated:prefabDebugPackage
> Task :app:buildCMakeDebug[arm64-v8a]
> Task :app:buildCMakeDebug[armeabi-v7a]
> Task :app:buildCMakeDebug[x86]
> Task :app:configureCMakeDebug[x86_64]
> Task :app:buildCMakeDebug[x86_64]
> Task :app:mergeDebugJniLibFolders
> Task :react-native-gesture-handler:configureCMakeDebug[arm64-v8a]
> Task :react-native-gesture-handler:buildCMakeDebug[arm64-v8a]
> Task :react-native-gesture-handler:configureCMakeDebug[armeabi-v7a]
> Task :react-native-gesture-handler:buildCMakeDebug[armeabi-v7a]
> Task :react-native-gesture-handler:configureCMakeDebug[x86]
> Task :react-native-gesture-handler:buildCMakeDebug[x86]
> Task :react-native-gesture-handler:configureCMakeDebug[x86_64]
> Task :react-native-gesture-handler:buildCMakeDebug[x86_64]
> Task :react-native-gesture-handler:mergeDebugJniLibFolders
> Task :react-native-gesture-handler:mergeDebugNativeLibs
> Task :react-native-mmkv:configureCMakeDebug[arm64-v8a]
> Task :react-native-gesture-handler:copyDebugJniLibsProjectOnly
> Task :react-native-mmkv:buildCMakeDebug[arm64-v8a]
> Task :react-native-mmkv:configureCMakeDebug[armeabi-v7a]
> Task :react-native-mmkv:buildCMakeDebug[armeabi-v7a]
> Task :react-native-mmkv:configureCMakeDebug[x86]
> Task :react-native-mmkv:buildCMakeDebug[x86]
> Task :react-native-mmkv:configureCMakeDebug[x86_64]
> Task :react-native-mmkv:buildCMakeDebug[x86_64]
> Task :react-native-mmkv:mergeDebugJniLibFolders
> Task :react-native-nitro-modules:mergeDebugJniLibFolders
> Task :react-native-reanimated:mergeDebugJniLibFolders
> Task :react-native-safe-area-context:mergeDebugJniLibFolders
> Task :react-native-safe-area-context:mergeDebugNativeLibs NO-SOURCE
> Task :react-native-safe-area-context:copyDebugJniLibsProjectOnly
> Task :react-native-screens:configureCMakeDebug[arm64-v8a]
> Task :react-native-mmkv:mergeDebugNativeLibs
> Task :react-native-nitro-modules:mergeDebugNativeLibs
> Task :react-native-reanimated:mergeDebugNativeLibs
> Task :react-native-screens:buildCMakeDebug[arm64-v8a]
> Task :react-native-screens:configureCMakeDebug[armeabi-v7a]
> Task :react-native-mmkv:copyDebugJniLibsProjectOnly
> Task :react-native-nitro-modules:copyDebugJniLibsProjectOnly
> Task :react-native-reanimated:copyDebugJniLibsProjectOnly
> Task :react-native-screens:buildCMakeDebug[armeabi-v7a]
> Task :react-native-screens:configureCMakeDebug[x86]
> Task :react-native-screens:buildCMakeDebug[x86]
> Task :react-native-screens:configureCMakeDebug[x86_64]
> Task :react-native-screens:buildCMakeDebug[x86_64]
> Task :react-native-screens:mergeDebugJniLibFolders
> Task :react-native-svg:mergeDebugJniLibFolders
> Task :react-native-svg:mergeDebugNativeLibs NO-SOURCE
> Task :react-native-svg:copyDebugJniLibsProjectOnly
> Task :app:validateSigningDebug
> Task :app:writeDebugAppMetadata
> Task :app:writeDebugSigningConfigVersions
> Task :react-native-screens:mergeDebugNativeLibs
> Task :react-native-gesture-handler:checkDebugAarMetadata
> Task :react-native-gesture-handler:extractDebugAnnotations
> Task :react-native-gesture-handler:extractDeepLinksForAarDebug UP-TO-DATE
> Task :react-native-gesture-handler:mergeDebugGeneratedProguardFiles UP-TO-DATE
> Task :react-native-screens:copyDebugJniLibsProjectOnly
> Task :react-native-gesture-handler:mergeDebugConsumerProguardFiles UP-TO-DATE
> Task :react-native-gesture-handler:stripDebugDebugSymbols
> Task :react-native-gesture-handler:prepareDebugArtProfile UP-TO-DATE
> Task :react-native-gesture-handler:prepareLintJarForPublish UP-TO-DATE
> Task :react-native-gesture-handler:copyDebugJniLibsProjectAndLocalJars
> Task :react-native-gesture-handler:mergeDebugJavaResource
> Task :react-native-mmkv:checkDebugAarMetadata
> Task :react-native-gesture-handler:syncDebugLibJars
> Task :react-native-gesture-handler:bundleDebugAar
> Task :react-native-gesture-handler:assembleDebug
> Task :react-native-mmkv:extractDebugAnnotations
> Task :react-native-mmkv:extractDeepLinksForAarDebug UP-TO-DATE
> Task :react-native-mmkv:mergeDebugGeneratedProguardFiles UP-TO-DATE
> Task :react-native-mmkv:mergeDebugConsumerProguardFiles UP-TO-DATE
> Task :react-native-mmkv:prepareDebugArtProfile UP-TO-DATE
> Task :react-native-mmkv:prepareLintJarForPublish UP-TO-DATE
> Task :react-native-nitro-modules:extractDebugAnnotations
> Task :react-native-nitro-modules:extractDeepLinksForAarDebug UP-TO-DATE
> Task :react-native-nitro-modules:mergeDebugGeneratedProguardFiles UP-TO-DATE
> Task :react-native-nitro-modules:mergeDebugConsumerProguardFiles UP-TO-DATE
> Task :react-native-nitro-modules:prepareDebugArtProfile UP-TO-DATE
> Task :react-native-nitro-modules:prepareLintJarForPublish UP-TO-DATE
> Task :react-native-nitro-modules:checkDebugAarMetadata
> Task :react-native-mmkv:mergeDebugJavaResource
> Task :react-native-mmkv:syncDebugLibJars
> Task :react-native-reanimated:checkDebugAarMetadata
> Task :react-native-nitro-modules:mergeDebugJavaResource
> Task :react-native-reanimated:extractDebugAnnotations
> Task :react-native-mmkv:stripDebugDebugSymbols
> Task :react-native-nitro-modules:syncDebugLibJars
> Task :react-native-reanimated:extractDeepLinksForAarDebug UP-TO-DATE
> Task :react-native-reanimated:mergeDebugGeneratedProguardFiles UP-TO-DATE
> Task :react-native-reanimated:mergeDebugConsumerProguardFiles
> Task :react-native-nitro-modules:stripDebugDebugSymbols
> Task :react-native-reanimated:prepareDebugArtProfile UP-TO-DATE
> Task :react-native-mmkv:copyDebugJniLibsProjectAndLocalJars
> Task :react-native-nitro-modules:copyDebugJniLibsProjectAndLocalJars
> Task :react-native-mmkv:bundleDebugAar
> Task :react-native-mmkv:assembleDebug
> Task :react-native-reanimated:stripDebugDebugSymbols
> Task :react-native-nitro-modules:bundleDebugAar
> Task :react-native-nitro-modules:assembleDebug
> Task :react-native-reanimated:prepareLintJarForPublish UP-TO-DATE
> Task :react-native-reanimated:mergeDebugJavaResource
> Task :react-native-safe-area-context:checkDebugAarMetadata
> Task :react-native-reanimated:copyDebugJniLibsProjectAndLocalJars
> Task :app:mergeDebugNativeLibs
> Task :react-native-reanimated:syncDebugLibJars
> Task :app:stripDebugDebugSymbols
> Task :react-native-reanimated:bundleDebugAar
> Task :react-native-reanimated:assembleDebug
> Task :react-native-safe-area-context:stripDebugDebugSymbols NO-SOURCE
> Task :react-native-safe-area-context:copyDebugJniLibsProjectAndLocalJars
> Task :react-native-safe-area-context:extractDebugAnnotations
> Task :react-native-safe-area-context:extractDeepLinksForAarDebug UP-TO-DATE
> Task :react-native-safe-area-context:mergeDebugGeneratedProguardFiles UP-TO-DATE
> Task :react-native-safe-area-context:mergeDebugConsumerProguardFiles UP-TO-DATE
> Task :react-native-safe-area-context:prepareDebugArtProfile UP-TO-DATE
> Task :react-native-safe-area-context:prepareLintJarForPublish UP-TO-DATE
> Task :react-native-safe-area-context:mergeDebugJavaResource
> Task :react-native-screens:checkDebugAarMetadata
> Task :react-native-safe-area-context:syncDebugLibJars
> Task :react-native-safe-area-context:bundleDebugAar
> Task :react-native-safe-area-context:assembleDebug
> Task :react-native-screens:extractDebugAnnotations
> Task :react-native-screens:extractDeepLinksForAarDebug UP-TO-DATE
> Task :react-native-screens:mergeDebugGeneratedProguardFiles UP-TO-DATE
> Task :react-native-screens:mergeDebugConsumerProguardFiles UP-TO-DATE
> Task :react-native-screens:prepareDebugArtProfile UP-TO-DATE
> Task :react-native-screens:prepareLintJarForPublish UP-TO-DATE
> Task :react-native-screens:mergeDebugJavaResource
> Task :react-native-svg:checkDebugAarMetadata
> Task :react-native-screens:stripDebugDebugSymbols
> Task :react-native-screens:syncDebugLibJars
> Task :react-native-svg:stripDebugDebugSymbols NO-SOURCE
> Task :react-native-svg:copyDebugJniLibsProjectAndLocalJars
> Task :react-native-svg:extractDebugAnnotations
> Task :react-native-screens:copyDebugJniLibsProjectAndLocalJars
> Task :react-native-svg:extractDeepLinksForAarDebug UP-TO-DATE
> Task :react-native-screens:bundleDebugAar
> Task :react-native-screens:assembleDebug
> Task :react-native-svg:mergeDebugGeneratedProguardFiles UP-TO-DATE
> Task :react-native-svg:mergeDebugConsumerProguardFiles
> Task :react-native-svg:prepareDebugArtProfile UP-TO-DATE
> Task :react-native-svg:prepareLintJarForPublish UP-TO-DATE
> Task :react-native-svg:mergeDebugJavaResource
> Task :react-native-worklets:checkDebugAarMetadata
> Task :react-native-svg:syncDebugLibJars
> Task :react-native-svg:bundleDebugAar
> Task :react-native-svg:assembleDebug
> Task :react-native-worklets:extractDebugAnnotations
> Task :react-native-worklets:extractDeepLinksForAarDebug UP-TO-DATE
> Task :react-native-worklets:mergeDebugGeneratedProguardFiles UP-TO-DATE
> Task :react-native-worklets:mergeDebugConsumerProguardFiles
> Task :react-native-worklets:prepareDebugArtProfile UP-TO-DATE
> Task :react-native-worklets:prepareLintJarForPublish UP-TO-DATE
> Task :react-native-worklets:mergeDebugJavaResource
> Task :react-native-worklets:syncDebugLibJars
> Task :react-native-worklets:stripDebugDebugSymbols
> Task :react-native-worklets:copyDebugJniLibsProjectAndLocalJars
> Task :app:packageDebug
> Task :app:createDebugApkListingFileRedirect
> Task :app:assembleDebug
> Task :react-native-worklets:bundleDebugAar
> Task :react-native-worklets:assembleDebug

[Incubating] Problems report is available at: file:///Users/netslayer/WebstormProjects/react-native-app/android/build/reports/problems/problems-report.html

Deprecated Gradle features were used in this build, making it incompatible with Gradle 9.0.

You can use '--warning-mode all' to show the individual deprecation warnings and determine if they come from your own scripts or plugins.

For more on this, please refer to https://docs.gradle.org/8.13/userguide/command_line_interface.html#sec:command_line_warnings in the Gradle documentation.

BUILD SUCCESSFUL in 42m 14s
405 actionable tasks: 359 executed, 46 up-to-date

Publishing a build scan to scans.gradle.com requires accepting the Gradle Terms of Use defined at https://gradle.com/help/legal-terms-of-use. Do you accept these terms? [yes, no] 
Gradle Terms of Use not accepted.

You must answer 'yes' to publish a build scan when prompted on the command line or accept the Gradle Terms of Use in a buildScan configuration block.

For more information, please see https://gradle.com/help/gradle-plugin-terms-of-use.

Alternatively, if you are using Develocity, specify the server location.
For more information, please see https://gradle.com/help/gradle-plugin-config.

